<?xml version="1.0" encoding="UTF-8"?>
<testsuite xmlns:xsi="http://www.w3.org/2001/XMLSchema-instance" xsi:noNamespaceSchemaLocation="https://maven.apache.org/surefire/maven-surefire-plugin/xsd/surefire-test-report.xsd" name="com.qamad.CucumberRunner" time="41.707" tests="4" errors="0" skipped="0" failures="0">
  <properties>
[...]
</properties>
  <testcase name="Check login element present on Login page" classname="Check login element present on Login page" time="10.91"/>
  <testcase name="Error message on empty username field login" classname="Check login error message with invalid credentials" time="9.849"/>
  <testcase name="Error message on empty username field login" classname="Check login error message with invalid credentials" time="8.759"/>
  <testcase name="Successfully login to the platform" classname="Check successful login" time="9.121"/>
</testsuite>